<?xml version="1.0" encoding="UTF-8"?>
<!-- Generated by org.testng.reporters.JUnitXMLReporter -->
<testsuite hostname="DESKTOP-JCSSE19" failures="1" tests="1" name="Validate HomePage Texts" time="7.808" errors="0" timestamp="25 Mar 2021 10:46:41 GMT">
  <testcase classname="Tests.ValidateHomePageTexts" name="textValidation" time="0.257">
    <failure type="java.lang.AssertionError" message="expected [true] but found [false]">
      <![CDATA[java.lang.AssertionError: expected [true] but found [false]
	at Tests.ValidateHomePageTexts.textValidation(ValidateHomePageTexts.java:35)
... Removed 28 stack frames]]>
    </failure>
  </testcase> <!-- textValidation -->
</testsuite> <!-- Validate HomePage Texts -->
